Build started 01/10/2014 23:40:07.
     1>Project "C:\Users\João\Desktop\PROJ1b\CGFexample\CGFexample.vcxproj" on node 2 (build target(s)).
     1>InitializeBuildStatus:
         Creating "..\buildtemp\CGFexample\CGFexample.unsuccessfulbuild" because "AlwaysCreate" was specified.
       ClCompile:
         c:\Program Files (x86)\Microsoft Visual Studio 10.0\VC\bin\CL.exe /c /ZI /nologo /W3 /WX- /Od /Oy- /D _MBCS /Gm /EHsc /RTC1 /MDd /GS /fp:precise /Zc:wchar_t /Zc:forScope /Fo"..\buildtemp\CGFexample\\" /Fd"..\buildtemp\CGFexample\vc100.pdb" /Gd /TP /analyze- /errorReport:prompt src\DemoScene.cpp src\ExampleObject.cpp src\main.cpp src\XMLScene.cpp src\XMLSceneMod.cpp
         XMLSceneMod.cpp
     1>c:\users\joão\desktop\proj1b\cgfexample\src\xmlscenemod.cpp(453): warning C4996: 'sscanf': This function or variable may be unsafe. Consider using sscanf_s instead. To disable deprecation, use _CRT_SECURE_NO_WARNINGS. See online help for details.
                 c:\program files (x86)\microsoft visual studio 10.0\vc\include\stdio.h(325) : see declaration of 'sscanf'
     1>c:\users\joão\desktop\proj1b\cgfexample\src\xmlscenemod.cpp(463): warning C4996: 'sscanf': This function or variable may be unsafe. Consider using sscanf_s instead. To disable deprecation, use _CRT_SECURE_NO_WARNINGS. See online help for details.
                 c:\program files (x86)\microsoft visual studio 10.0\vc\include\stdio.h(325) : see declaration of 'sscanf'
     1>c:\users\joão\desktop\proj1b\cgfexample\src\xmlscenemod.cpp(467): warning C4996: 'sscanf': This function or variable may be unsafe. Consider using sscanf_s instead. To disable deprecation, use _CRT_SECURE_NO_WARNINGS. See online help for details.
                 c:\program files (x86)\microsoft visual studio 10.0\vc\include\stdio.h(325) : see declaration of 'sscanf'
         XMLScene.cpp
     1>c:\users\joão\desktop\proj1b\cgfexample\src\xmlscene.cpp(70): warning C4996: 'sscanf': This function or variable may be unsafe. Consider using sscanf_s instead. To disable deprecation, use _CRT_SECURE_NO_WARNINGS. See online help for details.
                 c:\program files (x86)\microsoft visual studio 10.0\vc\include\stdio.h(325) : see declaration of 'sscanf'
         main.cpp
         ExampleObject.cpp
         DemoScene.cpp
         Generating Code...
       Link:
         c:\Program Files (x86)\Microsoft Visual Studio 10.0\VC\bin\link.exe /ERRORREPORT:PROMPT /OUT:"bin\CGFexample.exe" /NOLOGO glew32.lib CGFlib.lib tinyxml.lib kernel32.lib user32.lib gdi32.lib winspool.lib comdlg32.lib advapi32.lib shell32.lib ole32.lib oleaut32.lib uuid.lib odbc32.lib odbccp32.lib kernel32.lib user32.lib gdi32.lib winspool.lib comdlg32.lib advapi32.lib shell32.lib ole32.lib oleaut32.lib uuid.lib odbc32.lib odbccp32.lib /MANIFEST /ManifestFile:"..\buildtemp\CGFexample\CGFexample.exe.intermediate.manifest" /MANIFESTUAC:"level='asInvoker' uiAccess='false'" /DEBUG /PDB:"C:\Users\João\Desktop\PROJ1b\CGFexample\bin\CGFexample.pdb" /TLBID:1 /DYNAMICBASE /NXCOMPAT /IMPLIB:"bin\CGFexample.lib" /MACHINE:X86 ..\buildtemp\CGFexample\DemoScene.obj
         ..\buildtemp\CGFexample\ExampleObject.obj
         ..\buildtemp\CGFexample\main.obj
         ..\buildtemp\CGFexample\XMLScene.obj
         ..\buildtemp\CGFexample\XMLSceneMod.obj
     1>LINK : warning LNK4098: defaultlib 'LIBCMT' conflicts with use of other libs; use /NODEFAULTLIB:library
     1>CGFlib.lib(CGFappearance.obj) : warning LNK4099: PDB 'vc100.pdb' was not found with 'CGFlib.lib(CGFappearance.obj)' or at 'C:\Users\João\Desktop\PROJ1b\CGFexample\bin\vc100.pdb'; linking object as if no debug info
     1>CGFlib.lib(CGFapplication.obj) : warning LNK4099: PDB 'vc100.pdb' was not found with 'CGFlib.lib(CGFapplication.obj)' or at 'C:\Users\João\Desktop\PROJ1b\CGFexample\bin\vc100.pdb'; linking object as if no debug info
     1>CGFlib.lib(CGFaxis.obj) : warning LNK4099: PDB 'vc100.pdb' was not found with 'CGFlib.lib(CGFaxis.obj)' or at 'C:\Users\João\Desktop\PROJ1b\CGFexample\bin\vc100.pdb'; linking object as if no debug info
     1>CGFlib.lib(CGFcamera.obj) : warning LNK4099: PDB 'vc100.pdb' was not found with 'CGFlib.lib(CGFcamera.obj)' or at 'C:\Users\João\Desktop\PROJ1b\CGFexample\bin\vc100.pdb'; linking object as if no debug info
     1>CGFlib.lib(CGFinterface.obj) : warning LNK4099: PDB 'vc100.pdb' was not found with 'CGFlib.lib(CGFinterface.obj)' or at 'C:\Users\João\Desktop\PROJ1b\CGFexample\bin\vc100.pdb'; linking object as if no debug info
     1>CGFlib.lib(CGFlight.obj) : warning LNK4099: PDB 'vc100.pdb' was not found with 'CGFlib.lib(CGFlight.obj)' or at 'C:\Users\João\Desktop\PROJ1b\CGFexample\bin\vc100.pdb'; linking object as if no debug info
     1>CGFlib.lib(CGFobject.obj) : warning LNK4099: PDB 'vc100.pdb' was not found with 'CGFlib.lib(CGFobject.obj)' or at 'C:\Users\João\Desktop\PROJ1b\CGFexample\bin\vc100.pdb'; linking object as if no debug info
     1>CGFlib.lib(CGFscene.obj) : warning LNK4099: PDB 'vc100.pdb' was not found with 'CGFlib.lib(CGFscene.obj)' or at 'C:\Users\João\Desktop\PROJ1b\CGFexample\bin\vc100.pdb'; linking object as if no debug info
     1>CGFlib.lib(CGFshader.obj) : warning LNK4099: PDB 'vc100.pdb' was not found with 'CGFlib.lib(CGFshader.obj)' or at 'C:\Users\João\Desktop\PROJ1b\CGFexample\bin\vc100.pdb'; linking object as if no debug info
     1>CGFlib.lib(CGFtexture.obj) : warning LNK4099: PDB 'vc100.pdb' was not found with 'CGFlib.lib(CGFtexture.obj)' or at 'C:\Users\João\Desktop\PROJ1b\CGFexample\bin\vc100.pdb'; linking object as if no debug info
     1>CGFlib.lib(imagetools.obj) : warning LNK4099: PDB 'vc100.pdb' was not found with 'CGFlib.lib(imagetools.obj)' or at 'C:\Users\João\Desktop\PROJ1b\CGFexample\bin\vc100.pdb'; linking object as if no debug info
     1>CGFlib.lib(stb_image.obj) : warning LNK4099: PDB 'vc100.pdb' was not found with 'CGFlib.lib(stb_image.obj)' or at 'C:\Users\João\Desktop\PROJ1b\CGFexample\bin\vc100.pdb'; linking object as if no debug info
     1>tinyxml.lib(tinystr.obj) : warning LNK4099: PDB 'vc100.pdb' was not found with 'tinyxml.lib(tinystr.obj)' or at 'C:\Users\João\Desktop\PROJ1b\CGFexample\bin\vc100.pdb'; linking object as if no debug info
     1>tinyxml.lib(tinyxml.obj) : warning LNK4099: PDB 'vc100.pdb' was not found with 'tinyxml.lib(tinyxml.obj)' or at 'C:\Users\João\Desktop\PROJ1b\CGFexample\bin\vc100.pdb'; linking object as if no debug info
     1>tinyxml.lib(tinyxmlerror.obj) : warning LNK4099: PDB 'vc100.pdb' was not found with 'tinyxml.lib(tinyxmlerror.obj)' or at 'C:\Users\João\Desktop\PROJ1b\CGFexample\bin\vc100.pdb'; linking object as if no debug info
     1>tinyxml.lib(tinyxmlparser.obj) : warning LNK4099: PDB 'vc100.pdb' was not found with 'tinyxml.lib(tinyxmlparser.obj)' or at 'C:\Users\João\Desktop\PROJ1b\CGFexample\bin\vc100.pdb'; linking object as if no debug info
         CGFexample.vcxproj -> C:\Users\João\Desktop\PROJ1b\CGFexample\bin\CGFexample.exe
       Manifest:
         C:\Program Files (x86)\Microsoft SDKs\Windows\v7.0A\bin\mt.exe /nologo /verbose /outputresource:"bin\CGFexample.exe;#1" /manifest ..\buildtemp\CGFexample\CGFexample.exe.intermediate.manifest
       FinalizeBuildStatus:
         Deleting file "..\buildtemp\CGFexample\CGFexample.unsuccessfulbuild".
         Touching "..\buildtemp\CGFexample\CGFexample.lastbuildstate".
     1>Done Building Project "C:\Users\João\Desktop\PROJ1b\CGFexample\CGFexample.vcxproj" (build target(s)).

Build succeeded.

Time Elapsed 00:00:29.80
