\\192.168.50.233\REDIRECTION\EI12022\DESKTOP\PROJ1\BUILDTEMP\CGFEXAMPLE\CGFEXAMPLE.EXE.INTERMEDIATE.MANIFEST
\\192.168.50.233\REDIRECTION\EI12022\DESKTOP\PROJ1\BUILDTEMP\CGFEXAMPLE\DEMOSCENE.OBJ
\\192.168.50.233\REDIRECTION\EI12022\DESKTOP\PROJ1\BUILDTEMP\CGFEXAMPLE\EXAMPLEOBJECT.OBJ
\\192.168.50.233\REDIRECTION\EI12022\DESKTOP\PROJ1\BUILDTEMP\CGFEXAMPLE\MAIN.OBJ
\\192.168.50.233\REDIRECTION\EI12022\DESKTOP\PROJ1\BUILDTEMP\CGFEXAMPLE\VC100.PDB
\\192.168.50.233\REDIRECTION\EI12022\DESKTOP\PROJ1\BUILDTEMP\CGFEXAMPLE\XMLSCENE.OBJ
\\192.168.50.233\REDIRECTION\EI12022\DESKTOP\PROJ1\BUILDTEMP\CGFEXAMPLE\XMLSCENEMOD.OBJ
\\192.168.50.233\REDIRECTION\EI12022\DESKTOP\PROJ1\CGFEXAMPLE\BIN\CGFEXAMPLE.EXE
\\192.168.50.233\REDIRECTION\EI12022\DESKTOP\PROJ1\CGFEXAMPLE\BIN\CGFEXAMPLE.ILK
\\192.168.50.233\REDIRECTION\EI12022\DESKTOP\PROJ1\CGFEXAMPLE\BIN\CGFEXAMPLE.PDB
bin\CGFexample.ilk
bin\CGFexample.pdb
C:\USERS\FILIPE\DESKTOP\LAIG\PROJ1\BUILDTEMP\CGFEXAMPLE\CGFEXAMPLE.EXE.INTERMEDIATE.MANIFEST
C:\USERS\FILIPE\DESKTOP\LAIG\PROJ1\BUILDTEMP\CGFEXAMPLE\DEMOSCENE.OBJ
C:\USERS\FILIPE\DESKTOP\LAIG\PROJ1\BUILDTEMP\CGFEXAMPLE\EXAMPLEOBJECT.OBJ
C:\USERS\FILIPE\DESKTOP\LAIG\PROJ1\BUILDTEMP\CGFEXAMPLE\GRAPH.OBJ
C:\USERS\FILIPE\DESKTOP\LAIG\PROJ1\BUILDTEMP\CGFEXAMPLE\MAIN.OBJ
C:\USERS\FILIPE\DESKTOP\LAIG\PROJ1\BUILDTEMP\CGFEXAMPLE\NODE.OBJ
C:\USERS\FILIPE\DESKTOP\LAIG\PROJ1\BUILDTEMP\CGFEXAMPLE\PRIMITIVES.OBJ
C:\USERS\FILIPE\DESKTOP\LAIG\PROJ1\BUILDTEMP\CGFEXAMPLE\PROJECTSCENE.OBJ
C:\USERS\FILIPE\DESKTOP\LAIG\PROJ1\BUILDTEMP\CGFEXAMPLE\TPINTERFACE.OBJ
C:\USERS\FILIPE\DESKTOP\LAIG\PROJ1\BUILDTEMP\CGFEXAMPLE\VC100.PDB
C:\USERS\FILIPE\DESKTOP\LAIG\PROJ1\BUILDTEMP\CGFEXAMPLE\XMLSCENE.OBJ
C:\USERS\FILIPE\DESKTOP\LAIG\PROJ1\BUILDTEMP\CGFEXAMPLE\XMLSCENEMOD.OBJ
C:\USERS\FILIPE\DESKTOP\LAIG\PROJ1\CGFEXAMPLE\BIN\CGFEXAMPLE.EXE
C:\USERS\FILIPE\DESKTOP\LAIG\PROJ1\CGFEXAMPLE\BIN\CGFEXAMPLE.ILK
C:\USERS\FILIPE\DESKTOP\LAIG\PROJ1\CGFEXAMPLE\BIN\CGFEXAMPLE.PDB
C:\USERS\JOãO\DESKTOP\LAIG\CGFLIB_V2.3-WIN32\BUILDTEMP\CGFEXAMPLE\CGFEXAMPLE.EXE.INTERMEDIATE.MANIFEST
C:\USERS\JOãO\DESKTOP\LAIG\CGFLIB_V2.3-WIN32\BUILDTEMP\CGFEXAMPLE\DEMOSCENE.OBJ
C:\USERS\JOãO\DESKTOP\LAIG\CGFLIB_V2.3-WIN32\BUILDTEMP\CGFEXAMPLE\EXAMPLEOBJECT.OBJ
C:\USERS\JOãO\DESKTOP\LAIG\CGFLIB_V2.3-WIN32\BUILDTEMP\CGFEXAMPLE\MAIN.OBJ
C:\USERS\JOÃO\DESKTOP\LAIG\CGFLIB_V2.3-WIN32\BUILDTEMP\CGFEXAMPLE\VC100.PDB
C:\USERS\JOãO\DESKTOP\LAIG\CGFLIB_V2.3-WIN32\BUILDTEMP\CGFEXAMPLE\XMLSCENE.OBJ
C:\USERS\JOãO\DESKTOP\LAIG\CGFLIB_V2.3-WIN32\BUILDTEMP\CGFEXAMPLE\XMLSCENEMOD.OBJ
C:\USERS\JOãO\DESKTOP\LAIG\CGFLIB_V2.3-WIN32\CGFEXAMPLE\BIN\CGFEXAMPLE.EXE
C:\USERS\JOãO\DESKTOP\LAIG\CGFLIB_V2.3-WIN32\CGFEXAMPLE\BIN\CGFEXAMPLE.ILK
C:\USERS\JOÃO\DESKTOP\LAIG\CGFLIB_V2.3-WIN32\CGFEXAMPLE\BIN\CGFEXAMPLE.PDB
C:\USERS\JOãO\DESKTOP\PROJ1B\BUILDTEMP\CGFEXAMPLE\CGFEXAMPLE.EXE.INTERMEDIATE.MANIFEST
C:\USERS\JOãO\DESKTOP\PROJ1B\BUILDTEMP\CGFEXAMPLE\DEMOSCENE.OBJ
C:\USERS\JOãO\DESKTOP\PROJ1B\BUILDTEMP\CGFEXAMPLE\EXAMPLEOBJECT.OBJ
C:\USERS\JOãO\DESKTOP\PROJ1B\BUILDTEMP\CGFEXAMPLE\MAIN.OBJ
C:\USERS\JOÃO\DESKTOP\PROJ1B\BUILDTEMP\CGFEXAMPLE\VC100.PDB
C:\USERS\JOãO\DESKTOP\PROJ1B\BUILDTEMP\CGFEXAMPLE\XMLSCENE.OBJ
C:\USERS\JOãO\DESKTOP\PROJ1B\BUILDTEMP\CGFEXAMPLE\XMLSCENEMOD.OBJ
C:\USERS\JOãO\DESKTOP\PROJ1B\CGFEXAMPLE\BIN\CGFEXAMPLE.EXE
C:\USERS\JOãO\DESKTOP\PROJ1B\CGFEXAMPLE\BIN\CGFEXAMPLE.ILK
C:\USERS\JOÃO\DESKTOP\PROJ1B\CGFEXAMPLE\BIN\CGFEXAMPLE.PDB
C:\USERS\JOãO\DOCUMENTS\FEUP\3º ANO\LAIG\PROJ 1\BUILDTEMP\CGFEXAMPLE\CGFEXAMPLE.EXE.INTERMEDIATE.MANIFEST
C:\USERS\JOãO\DOCUMENTS\FEUP\3º ANO\LAIG\PROJ 1\BUILDTEMP\CGFEXAMPLE\DEMOSCENE.OBJ
C:\USERS\JOãO\DOCUMENTS\FEUP\3º ANO\LAIG\PROJ 1\BUILDTEMP\CGFEXAMPLE\EXAMPLEOBJECT.OBJ
C:\USERS\JOãO\DOCUMENTS\FEUP\3º ANO\LAIG\PROJ 1\BUILDTEMP\CGFEXAMPLE\MAIN.OBJ
C:\USERS\JOÃO\DOCUMENTS\FEUP\3º ANO\LAIG\PROJ 1\BUILDTEMP\CGFEXAMPLE\VC100.PDB
C:\USERS\JOãO\DOCUMENTS\FEUP\3º ANO\LAIG\PROJ 1\BUILDTEMP\CGFEXAMPLE\XMLSCENE.OBJ
C:\USERS\JOãO\DOCUMENTS\FEUP\3º ANO\LAIG\PROJ 1\BUILDTEMP\CGFEXAMPLE\XMLSCENEMOD.OBJ
C:\USERS\JOãO\DOCUMENTS\FEUP\3º ANO\LAIG\PROJ 1\CGFEXAMPLE\BIN\CGFEXAMPLE.EXE
C:\USERS\JOãO\DOCUMENTS\FEUP\3º ANO\LAIG\PROJ 1\CGFEXAMPLE\BIN\CGFEXAMPLE.ILK
C:\USERS\JOÃO\DOCUMENTS\FEUP\3º ANO\LAIG\PROJ 1\CGFEXAMPLE\BIN\CGFEXAMPLE.PDB
C:\USERS\JOãO\DOCUMENTS\FEUP\3º ANO\LAIG\REPOS WORKING COPY\PROJ1\BUILDTEMP\CGFEXAMPLE\CGFEXAMPLE.EXE.INTERMEDIATE.MANIFEST
C:\Users\João\Documents\FEUP\3º ano\LAIG\Repos Working Copy\PROJ1\buildtemp\CGFexample\CGFexample.vcxprojResolveAssemblyReference.cache
C:\Users\João\Documents\FEUP\3º ano\LAIG\Repos Working Copy\PROJ1\buildtemp\CGFexample\CGFexample.write.1.tlog
C:\Users\João\Documents\FEUP\3º ano\LAIG\Repos Working Copy\PROJ1\buildtemp\CGFexample\cl.command.1.tlog
C:\Users\João\Documents\FEUP\3º ano\LAIG\Repos Working Copy\PROJ1\buildtemp\CGFexample\CL.read.1.tlog
C:\Users\João\Documents\FEUP\3º ano\LAIG\Repos Working Copy\PROJ1\buildtemp\CGFexample\CL.write.1.tlog
C:\USERS\JOãO\DOCUMENTS\FEUP\3º ANO\LAIG\REPOS WORKING COPY\PROJ1\BUILDTEMP\CGFEXAMPLE\DEMOSCENE.OBJ
C:\USERS\JOãO\DOCUMENTS\FEUP\3º ANO\LAIG\REPOS WORKING COPY\PROJ1\BUILDTEMP\CGFEXAMPLE\EXAMPLEOBJECT.OBJ
C:\USERS\JOãO\DOCUMENTS\FEUP\3º ANO\LAIG\REPOS WORKING COPY\PROJ1\BUILDTEMP\CGFEXAMPLE\GRAPH.OBJ
C:\Users\João\Documents\FEUP\3º ano\LAIG\Repos Working Copy\PROJ1\buildtemp\CGFexample\link.9680.read.1.tlog
C:\Users\João\Documents\FEUP\3º ano\LAIG\Repos Working Copy\PROJ1\buildtemp\CGFexample\link.9680.write.1.tlog
C:\Users\João\Documents\FEUP\3º ano\LAIG\Repos Working Copy\PROJ1\buildtemp\CGFexample\link.command.1.tlog
C:\Users\João\Documents\FEUP\3º ano\LAIG\Repos Working Copy\PROJ1\buildtemp\CGFexample\link.read.1.tlog
C:\Users\João\Documents\FEUP\3º ano\LAIG\Repos Working Copy\PROJ1\buildtemp\CGFexample\link.read.2.tlog
C:\Users\João\Documents\FEUP\3º ano\LAIG\Repos Working Copy\PROJ1\buildtemp\CGFexample\link.write.1.tlog
C:\USERS\JOãO\DOCUMENTS\FEUP\3º ANO\LAIG\REPOS WORKING COPY\PROJ1\BUILDTEMP\CGFEXAMPLE\MAIN.OBJ
C:\Users\João\Documents\FEUP\3º ano\LAIG\Repos Working Copy\PROJ1\buildtemp\CGFexample\mt.command.1.tlog
C:\Users\João\Documents\FEUP\3º ano\LAIG\Repos Working Copy\PROJ1\buildtemp\CGFexample\mt.read.1.tlog
C:\Users\João\Documents\FEUP\3º ano\LAIG\Repos Working Copy\PROJ1\buildtemp\CGFexample\mt.write.1.tlog
C:\USERS\JOãO\DOCUMENTS\FEUP\3º ANO\LAIG\REPOS WORKING COPY\PROJ1\BUILDTEMP\CGFEXAMPLE\NODE.OBJ
C:\USERS\JOãO\DOCUMENTS\FEUP\3º ANO\LAIG\REPOS WORKING COPY\PROJ1\BUILDTEMP\CGFEXAMPLE\PRIMITIVES.OBJ
C:\USERS\JOãO\DOCUMENTS\FEUP\3º ANO\LAIG\REPOS WORKING COPY\PROJ1\BUILDTEMP\CGFEXAMPLE\PROJECTSCENE.OBJ
C:\USERS\JOãO\DOCUMENTS\FEUP\3º ANO\LAIG\REPOS WORKING COPY\PROJ1\BUILDTEMP\CGFEXAMPLE\TPINTERFACE.OBJ
C:\Users\João\Documents\FEUP\3º ano\LAIG\Repos Working Copy\PROJ1\buildtemp\CGFexample\vc100.idb
C:\USERS\JOÃO\DOCUMENTS\FEUP\3º ANO\LAIG\REPOS WORKING COPY\PROJ1\BUILDTEMP\CGFEXAMPLE\VC100.PDB
C:\USERS\JOãO\DOCUMENTS\FEUP\3º ANO\LAIG\REPOS WORKING COPY\PROJ1\BUILDTEMP\CGFEXAMPLE\XMLSCENE.OBJ
C:\USERS\JOãO\DOCUMENTS\FEUP\3º ANO\LAIG\REPOS WORKING COPY\PROJ1\BUILDTEMP\CGFEXAMPLE\XMLSCENEMOD.OBJ
C:\USERS\JOãO\DOCUMENTS\FEUP\3º ANO\LAIG\REPOS WORKING COPY\PROJ1\CGFEXAMPLE\BIN\CGFEXAMPLE.EXE
C:\USERS\JOãO\DOCUMENTS\FEUP\3º ANO\LAIG\REPOS WORKING COPY\PROJ1\CGFEXAMPLE\BIN\CGFEXAMPLE.ILK
C:\USERS\JOÃO\DOCUMENTS\FEUP\3º ANO\LAIG\REPOS WORKING COPY\PROJ1\CGFEXAMPLE\BIN\CGFEXAMPLE.PDB
